['extract_f0_print.py', 'D:\\WOkada\\RVC-beta\\RVC-beta-v2-0528/logs/beyond3', '20', 'harvest']
todo-f0-21
f0ing,now-0,all-21,-D:\WOkada\RVC-beta\RVC-beta-v2-0528/logs/beyond3/1_16k_wavs/0_0.wav
f0ing,now-4,all-21,-D:\WOkada\RVC-beta\RVC-beta-v2-0528/logs/beyond3/1_16k_wavs/125_1.wav
f0ing,now-8,all-21,-D:\WOkada\RVC-beta\RVC-beta-v2-0528/logs/beyond3/1_16k_wavs/22_1.wav
f0ing,now-12,all-21,-D:\WOkada\RVC-beta\RVC-beta-v2-0528/logs/beyond3/1_16k_wavs/47_0.wav
f0ing,now-16,all-21,-D:\WOkada\RVC-beta\RVC-beta-v2-0528/logs/beyond3/1_16k_wavs/70_3.wav
f0ing,now-20,all-21,-D:\WOkada\RVC-beta\RVC-beta-v2-0528/logs/beyond3/1_16k_wavs/96_0.wav
todo-f0-21
f0ing,now-0,all-21,-D:\WOkada\RVC-beta\RVC-beta-v2-0528/logs/beyond3/1_16k_wavs/0_1.wav
f0ing,now-4,all-21,-D:\WOkada\RVC-beta\RVC-beta-v2-0528/logs/beyond3/1_16k_wavs/125_3.wav
f0ing,now-8,all-21,-D:\WOkada\RVC-beta\RVC-beta-v2-0528/logs/beyond3/1_16k_wavs/22_3.wav
f0ing,now-12,all-21,-D:\WOkada\RVC-beta\RVC-beta-v2-0528/logs/beyond3/1_16k_wavs/47_1.wav
f0ing,now-16,all-21,-D:\WOkada\RVC-beta\RVC-beta-v2-0528/logs/beyond3/1_16k_wavs/71_0.wav
f0ing,now-20,all-21,-D:\WOkada\RVC-beta\RVC-beta-v2-0528/logs/beyond3/1_16k_wavs/96_1.wav
todo-f0-21
f0ing,now-0,all-21,-D:\WOkada\RVC-beta\RVC-beta-v2-0528/logs/beyond3/1_16k_wavs/0_3.wav
f0ing,now-4,all-21,-D:\WOkada\RVC-beta\RVC-beta-v2-0528/logs/beyond3/1_16k_wavs/126_0.wav
f0ing,now-8,all-21,-D:\WOkada\RVC-beta\RVC-beta-v2-0528/logs/beyond3/1_16k_wavs/23_0.wav
f0ing,now-12,all-21,-D:\WOkada\RVC-beta\RVC-beta-v2-0528/logs/beyond3/1_16k_wavs/47_3.wav
f0ing,now-16,all-21,-D:\WOkada\RVC-beta\RVC-beta-v2-0528/logs/beyond3/1_16k_wavs/71_1.wav
f0ing,now-20,all-21,-D:\WOkada\RVC-beta\RVC-beta-v2-0528/logs/beyond3/1_16k_wavs/96_3.wav
todo-f0-21
f0ing,now-0,all-21,-D:\WOkada\RVC-beta\RVC-beta-v2-0528/logs/beyond3/1_16k_wavs/100_0.wav
f0ing,now-4,all-21,-D:\WOkada\RVC-beta\RVC-beta-v2-0528/logs/beyond3/1_16k_wavs/126_1.wav
f0ing,now-8,all-21,-D:\WOkada\RVC-beta\RVC-beta-v2-0528/logs/beyond3/1_16k_wavs/23_1.wav
f0ing,now-12,all-21,-D:\WOkada\RVC-beta\RVC-beta-v2-0528/logs/beyond3/1_16k_wavs/48_0.wav
f0ing,now-16,all-21,-D:\WOkada\RVC-beta\RVC-beta-v2-0528/logs/beyond3/1_16k_wavs/71_3.wav
f0ing,now-20,all-21,-D:\WOkada\RVC-beta\RVC-beta-v2-0528/logs/beyond3/1_16k_wavs/97_0.wav
todo-f0-21
f0ing,now-0,all-21,-D:\WOkada\RVC-beta\RVC-beta-v2-0528/logs/beyond3/1_16k_wavs/100_1.wav
f0ing,now-4,all-21,-D:\WOkada\RVC-beta\RVC-beta-v2-0528/logs/beyond3/1_16k_wavs/126_3.wav
f0ing,now-8,all-21,-D:\WOkada\RVC-beta\RVC-beta-v2-0528/logs/beyond3/1_16k_wavs/23_3.wav
f0ing,now-12,all-21,-D:\WOkada\RVC-beta\RVC-beta-v2-0528/logs/beyond3/1_16k_wavs/48_1.wav
f0ing,now-16,all-21,-D:\WOkada\RVC-beta\RVC-beta-v2-0528/logs/beyond3/1_16k_wavs/72_0.wav
f0ing,now-20,all-21,-D:\WOkada\RVC-beta\RVC-beta-v2-0528/logs/beyond3/1_16k_wavs/97_1.wav
todo-f0-21
f0ing,now-0,all-21,-D:\WOkada\RVC-beta\RVC-beta-v2-0528/logs/beyond3/1_16k_wavs/100_3.wav
f0ing,now-4,all-21,-D:\WOkada\RVC-beta\RVC-beta-v2-0528/logs/beyond3/1_16k_wavs/127_0.wav
f0ing,now-8,all-21,-D:\WOkada\RVC-beta\RVC-beta-v2-0528/logs/beyond3/1_16k_wavs/24_0.wav
f0ing,now-12,all-21,-D:\WOkada\RVC-beta\RVC-beta-v2-0528/logs/beyond3/1_16k_wavs/48_3.wav
f0ing,now-16,all-21,-D:\WOkada\RVC-beta\RVC-beta-v2-0528/logs/beyond3/1_16k_wavs/72_1.wav
f0ing,now-20,all-21,-D:\WOkada\RVC-beta\RVC-beta-v2-0528/logs/beyond3/1_16k_wavs/97_3.wav
todo-f0-21
f0ing,now-0,all-21,-D:\WOkada\RVC-beta\RVC-beta-v2-0528/logs/beyond3/1_16k_wavs/101_0.wav
f0ing,now-4,all-21,-D:\WOkada\RVC-beta\RVC-beta-v2-0528/logs/beyond3/1_16k_wavs/127_1.wav
f0ing,now-8,all-21,-D:\WOkada\RVC-beta\RVC-beta-v2-0528/logs/beyond3/1_16k_wavs/24_1.wav
f0ing,now-12,all-21,-D:\WOkada\RVC-beta\RVC-beta-v2-0528/logs/beyond3/1_16k_wavs/49_0.wav
f0ing,now-16,all-21,-D:\WOkada\RVC-beta\RVC-beta-v2-0528/logs/beyond3/1_16k_wavs/72_3.wav
f0ing,now-20,all-21,-D:\WOkada\RVC-beta\RVC-beta-v2-0528/logs/beyond3/1_16k_wavs/98_0.wav
todo-f0-21
f0ing,now-0,all-21,-D:\WOkada\RVC-beta\RVC-beta-v2-0528/logs/beyond3/1_16k_wavs/101_2.wav
f0ing,now-4,all-21,-D:\WOkada\RVC-beta\RVC-beta-v2-0528/logs/beyond3/1_16k_wavs/127_3.wav
f0ing,now-8,all-21,-D:\WOkada\RVC-beta\RVC-beta-v2-0528/logs/beyond3/1_16k_wavs/24_3.wav
f0ing,now-12,all-21,-D:\WOkada\RVC-beta\RVC-beta-v2-0528/logs/beyond3/1_16k_wavs/49_2.wav
f0ing,now-16,all-21,-D:\WOkada\RVC-beta\RVC-beta-v2-0528/logs/beyond3/1_16k_wavs/73_0.wav
f0ing,now-20,all-21,-D:\WOkada\RVC-beta\RVC-beta-v2-0528/logs/beyond3/1_16k_wavs/98_1.wav
todo-f0-21
f0ing,now-0,all-21,-D:\WOkada\RVC-beta\RVC-beta-v2-0528/logs/beyond3/1_16k_wavs/102_0.wav
f0ing,now-4,all-21,-D:\WOkada\RVC-beta\RVC-beta-v2-0528/logs/beyond3/1_16k_wavs/128_0.wav
f0ing,now-8,all-21,-D:\WOkada\RVC-beta\RVC-beta-v2-0528/logs/beyond3/1_16k_wavs/25_0.wav
f0ing,now-12,all-21,-D:\WOkada\RVC-beta\RVC-beta-v2-0528/logs/beyond3/1_16k_wavs/49_3.wav
f0ing,now-16,all-21,-D:\WOkada\RVC-beta\RVC-beta-v2-0528/logs/beyond3/1_16k_wavs/73_1.wav
f0ing,now-20,all-21,-D:\WOkada\RVC-beta\RVC-beta-v2-0528/logs/beyond3/1_16k_wavs/98_3.wav
todo-f0-21
f0ing,now-0,all-21,-D:\WOkada\RVC-beta\RVC-beta-v2-0528/logs/beyond3/1_16k_wavs/102_1.wav
f0ing,now-4,all-21,-D:\WOkada\RVC-beta\RVC-beta-v2-0528/logs/beyond3/1_16k_wavs/128_1.wav
f0ing,now-8,all-21,-D:\WOkada\RVC-beta\RVC-beta-v2-0528/logs/beyond3/1_16k_wavs/25_1.wav
f0ing,now-12,all-21,-D:\WOkada\RVC-beta\RVC-beta-v2-0528/logs/beyond3/1_16k_wavs/4_0.wav
f0ing,now-16,all-21,-D:\WOkada\RVC-beta\RVC-beta-v2-0528/logs/beyond3/1_16k_wavs/73_3.wav
f0ing,now-20,all-21,-D:\WOkada\RVC-beta\RVC-beta-v2-0528/logs/beyond3/1_16k_wavs/99_0.wav
todo-f0-21
f0ing,now-0,all-21,-D:\WOkada\RVC-beta\RVC-beta-v2-0528/logs/beyond3/1_16k_wavs/102_3.wav
f0ing,now-4,all-21,-D:\WOkada\RVC-beta\RVC-beta-v2-0528/logs/beyond3/1_16k_wavs/128_3.wav
f0ing,now-8,all-21,-D:\WOkada\RVC-beta\RVC-beta-v2-0528/logs/beyond3/1_16k_wavs/25_3.wav
f0ing,now-12,all-21,-D:\WOkada\RVC-beta\RVC-beta-v2-0528/logs/beyond3/1_16k_wavs/4_1.wav
f0ing,now-16,all-21,-D:\WOkada\RVC-beta\RVC-beta-v2-0528/logs/beyond3/1_16k_wavs/74_0.wav
f0ing,now-20,all-21,-D:\WOkada\RVC-beta\RVC-beta-v2-0528/logs/beyond3/1_16k_wavs/99_1.wav
todo-f0-21
f0ing,now-0,all-21,-D:\WOkada\RVC-beta\RVC-beta-v2-0528/logs/beyond3/1_16k_wavs/103_0.wav
f0ing,now-4,all-21,-D:\WOkada\RVC-beta\RVC-beta-v2-0528/logs/beyond3/1_16k_wavs/129_0.wav
f0ing,now-8,all-21,-D:\WOkada\RVC-beta\RVC-beta-v2-0528/logs/beyond3/1_16k_wavs/26_0.wav
f0ing,now-12,all-21,-D:\WOkada\RVC-beta\RVC-beta-v2-0528/logs/beyond3/1_16k_wavs/4_3.wav
f0ing,now-16,all-21,-D:\WOkada\RVC-beta\RVC-beta-v2-0528/logs/beyond3/1_16k_wavs/74_1.wav
f0ing,now-20,all-21,-D:\WOkada\RVC-beta\RVC-beta-v2-0528/logs/beyond3/1_16k_wavs/99_3.wav
todo-f0-21
f0ing,now-0,all-21,-D:\WOkada\RVC-beta\RVC-beta-v2-0528/logs/beyond3/1_16k_wavs/103_1.wav
f0ing,now-4,all-21,-D:\WOkada\RVC-beta\RVC-beta-v2-0528/logs/beyond3/1_16k_wavs/129_1.wav
f0ing,now-8,all-21,-D:\WOkada\RVC-beta\RVC-beta-v2-0528/logs/beyond3/1_16k_wavs/26_1.wav
f0ing,now-12,all-21,-D:\WOkada\RVC-beta\RVC-beta-v2-0528/logs/beyond3/1_16k_wavs/50_0.wav
f0ing,now-16,all-21,-D:\WOkada\RVC-beta\RVC-beta-v2-0528/logs/beyond3/1_16k_wavs/74_3.wav
f0ing,now-20,all-21,-D:\WOkada\RVC-beta\RVC-beta-v2-0528/logs/beyond3/1_16k_wavs/9_0.wav
todo-f0-21
f0ing,now-0,all-21,-D:\WOkada\RVC-beta\RVC-beta-v2-0528/logs/beyond3/1_16k_wavs/103_3.wav
f0ing,now-4,all-21,-D:\WOkada\RVC-beta\RVC-beta-v2-0528/logs/beyond3/1_16k_wavs/129_3.wav
f0ing,now-8,all-21,-D:\WOkada\RVC-beta\RVC-beta-v2-0528/logs/beyond3/1_16k_wavs/26_3.wav
f0ing,now-12,all-21,-D:\WOkada\RVC-beta\RVC-beta-v2-0528/logs/beyond3/1_16k_wavs/50_1.wav
f0ing,now-16,all-21,-D:\WOkada\RVC-beta\RVC-beta-v2-0528/logs/beyond3/1_16k_wavs/75_0.wav
f0ing,now-20,all-21,-D:\WOkada\RVC-beta\RVC-beta-v2-0528/logs/beyond3/1_16k_wavs/9_1.wav
todo-f0-21
f0ing,now-0,all-21,-D:\WOkada\RVC-beta\RVC-beta-v2-0528/logs/beyond3/1_16k_wavs/104_0.wav
f0ing,now-4,all-21,-D:\WOkada\RVC-beta\RVC-beta-v2-0528/logs/beyond3/1_16k_wavs/12_0.wav
f0ing,now-8,all-21,-D:\WOkada\RVC-beta\RVC-beta-v2-0528/logs/beyond3/1_16k_wavs/27_0.wav
f0ing,now-12,all-21,-D:\WOkada\RVC-beta\RVC-beta-v2-0528/logs/beyond3/1_16k_wavs/50_3.wav
f0ing,now-16,all-21,-D:\WOkada\RVC-beta\RVC-beta-v2-0528/logs/beyond3/1_16k_wavs/75_1.wav
f0ing,now-20,all-21,-D:\WOkada\RVC-beta\RVC-beta-v2-0528/logs/beyond3/1_16k_wavs/9_3.wav
todo-f0-20
f0ing,now-0,all-20,-D:\WOkada\RVC-beta\RVC-beta-v2-0528/logs/beyond3/1_16k_wavs/104_1.wav
f0ing,now-4,all-20,-D:\WOkada\RVC-beta\RVC-beta-v2-0528/logs/beyond3/1_16k_wavs/12_1.wav
f0ing,now-8,all-20,-D:\WOkada\RVC-beta\RVC-beta-v2-0528/logs/beyond3/1_16k_wavs/27_1.wav
f0ing,now-12,all-20,-D:\WOkada\RVC-beta\RVC-beta-v2-0528/logs/beyond3/1_16k_wavs/51_0.wav
f0ing,now-16,all-20,-D:\WOkada\RVC-beta\RVC-beta-v2-0528/logs/beyond3/1_16k_wavs/75_3.wav
todo-f0-20
f0ing,now-0,all-20,-D:\WOkada\RVC-beta\RVC-beta-v2-0528/logs/beyond3/1_16k_wavs/104_3.wav
f0ing,now-4,all-20,-D:\WOkada\RVC-beta\RVC-beta-v2-0528/logs/beyond3/1_16k_wavs/12_3.wav
f0ing,now-8,all-20,-D:\WOkada\RVC-beta\RVC-beta-v2-0528/logs/beyond3/1_16k_wavs/27_3.wav
f0ing,now-12,all-20,-D:\WOkada\RVC-beta\RVC-beta-v2-0528/logs/beyond3/1_16k_wavs/51_1.wav
f0ing,now-16,all-20,-D:\WOkada\RVC-beta\RVC-beta-v2-0528/logs/beyond3/1_16k_wavs/76_0.wav
todo-f0-20
f0ing,now-0,all-20,-D:\WOkada\RVC-beta\RVC-beta-v2-0528/logs/beyond3/1_16k_wavs/105_0.wav
f0ing,now-4,all-20,-D:\WOkada\RVC-beta\RVC-beta-v2-0528/logs/beyond3/1_16k_wavs/130_0.wav
f0ing,now-8,all-20,-D:\WOkada\RVC-beta\RVC-beta-v2-0528/logs/beyond3/1_16k_wavs/28_0.wav
f0ing,now-12,all-20,-D:\WOkada\RVC-beta\RVC-beta-v2-0528/logs/beyond3/1_16k_wavs/51_3.wav
f0ing,now-16,all-20,-D:\WOkada\RVC-beta\RVC-beta-v2-0528/logs/beyond3/1_16k_wavs/76_1.wav
todo-f0-20
f0ing,now-0,all-20,-D:\WOkada\RVC-beta\RVC-beta-v2-0528/logs/beyond3/1_16k_wavs/105_1.wav
f0ing,now-4,all-20,-D:\WOkada\RVC-beta\RVC-beta-v2-0528/logs/beyond3/1_16k_wavs/130_1.wav
f0ing,now-8,all-20,-D:\WOkada\RVC-beta\RVC-beta-v2-0528/logs/beyond3/1_16k_wavs/28_1.wav
f0ing,now-12,all-20,-D:\WOkada\RVC-beta\RVC-beta-v2-0528/logs/beyond3/1_16k_wavs/52_0.wav
f0ing,now-16,all-20,-D:\WOkada\RVC-beta\RVC-beta-v2-0528/logs/beyond3/1_16k_wavs/76_3.wav
todo-f0-20
f0ing,now-0,all-20,-D:\WOkada\RVC-beta\RVC-beta-v2-0528/logs/beyond3/1_16k_wavs/105_3.wav
f0ing,now-4,all-20,-D:\WOkada\RVC-beta\RVC-beta-v2-0528/logs/beyond3/1_16k_wavs/130_3.wav
f0ing,now-8,all-20,-D:\WOkada\RVC-beta\RVC-beta-v2-0528/logs/beyond3/1_16k_wavs/28_3.wav
f0ing,now-12,all-20,-D:\WOkada\RVC-beta\RVC-beta-v2-0528/logs/beyond3/1_16k_wavs/52_1.wav
f0ing,now-16,all-20,-D:\WOkada\RVC-beta\RVC-beta-v2-0528/logs/beyond3/1_16k_wavs/77_0.wav
['extract_feature_print.py', 'cuda:0', '1', '0', '0', 'D:\\WOkada\\RVC-beta\\RVC-beta-v2-0528/logs/beyond3', 'v2']
D:\WOkada\RVC-beta\RVC-beta-v2-0528/logs/beyond3
load model(s) from hubert_base.pt
move model to cuda
all-feature-415
all-feature-done
