start preprocess
['trainset_preprocess_pipeline_print.py', 'D:\\WOkada\\RVC-beta\\video3', '40000', '20', 'D:\\WOkada\\RVC-beta\\RVC-beta-v2-0528/logs/beyond3', 'False']
D:\WOkada\RVC-beta\video3/BCI_000_10.wav->Suc.
D:\WOkada\RVC-beta\video3/BCI_000_11.wav->Suc.
D:\WOkada\RVC-beta\video3/BCI_000_12.wav->Suc.
D:\WOkada\RVC-beta\video3/BCI_000_17.wav->Suc.
D:\WOkada\RVC-beta\video3/BCI_002_11.wav->Suc.
D:\WOkada\RVC-beta\video3/BCI_000_15.wav->Suc.
D:\WOkada\RVC-beta\video3/BCI_002_12.wav->Suc.
D:\WOkada\RVC-beta\video3/BCI_002_13.wav->Suc.
D:\WOkada\RVC-beta\video3/BCI_000_13.wav->Suc.
D:\WOkada\RVC-beta\video3/BCI_000_21.wav->Suc.
D:\WOkada\RVC-beta\video3/BCI_001_1.wav->Suc.
D:\WOkada\RVC-beta\video3/BCI_000_14.wav->Suc.
D:\WOkada\RVC-beta\video3/BCI_002_18.wav->Suc.
D:\WOkada\RVC-beta\video3/BCI_000_18.wav->Suc.
D:\WOkada\RVC-beta\video3/BCI_000_16.wav->Suc.
D:\WOkada\RVC-beta\video3/BCI_000_8.wav->Suc.
D:\WOkada\RVC-beta\video3/BCI_002_3.wav->Suc.
D:\WOkada\RVC-beta\video3/BCI_002_16.wav->Suc.
D:\WOkada\RVC-beta\video3/BCI_000_19.wav->Suc.
D:\WOkada\RVC-beta\video3/BCI_000_20.wav->Suc.
D:\WOkada\RVC-beta\video3/BCI_002_10.wav->Suc.
D:\WOkada\RVC-beta\video3/BCI_002_1.wav->Suc.
D:\WOkada\RVC-beta\video3/BCI_000_6.wav->Suc.
D:\WOkada\RVC-beta\video3/BCI_000_5.wav->Suc.
D:\WOkada\RVC-beta\video3/BCI_002_30.wav->Suc.
D:\WOkada\RVC-beta\video3/BCI_000_7.wav->Suc.
D:\WOkada\RVC-beta\video3/BCI_002_31.wav->Suc.
D:\WOkada\RVC-beta\video3/BCI_002_14.wav->Suc.
D:\WOkada\RVC-beta\video3/BCI_002_21.wav->Suc.
D:\WOkada\RVC-beta\video3/BCI_002_27.wav->Suc.
D:\WOkada\RVC-beta\video3/BCI_000_9.wav->Suc.
D:\WOkada\RVC-beta\video3/BCI_002_15.wav->Suc.
D:\WOkada\RVC-beta\video3/BCI_002_36.wav->Suc.
D:\WOkada\RVC-beta\video3/BCI_002_48.wav->Suc.
D:\WOkada\RVC-beta\video3/BCI_002_17.wav->Suc.
D:\WOkada\RVC-beta\video3/BCI_002_34.wav->Suc.
D:\WOkada\RVC-beta\video3/BCI_002_19.wav->Suc.
D:\WOkada\RVC-beta\video3/BCI_002_25.wav->Suc.
D:\WOkada\RVC-beta\video3/BCI_002_20.wav->Suc.
D:\WOkada\RVC-beta\video3/BCI_002_2.wav->Suc.
D:\WOkada\RVC-beta\video3/BCI_002_23.wav->Suc.
D:\WOkada\RVC-beta\video3/BCI_002_29.wav->Suc.
D:\WOkada\RVC-beta\video3/BCI_002_49.wav->Suc.
D:\WOkada\RVC-beta\video3/BCI_002_24.wav->Suc.
D:\WOkada\RVC-beta\video3/BCI_002_22.wav->Suc.
D:\WOkada\RVC-beta\video3/BCI_002_28.wav->Suc.
D:\WOkada\RVC-beta\video3/BCI_002_32.wav->Suc.
D:\WOkada\RVC-beta\video3/BCI_002_5.wav->Suc.
D:\WOkada\RVC-beta\video3/BCI_002_4.wav->Suc.
D:\WOkada\RVC-beta\video3/BCI_002_45.wav->Suc.
D:\WOkada\RVC-beta\video3/BCI_002_26.wav->Suc.
D:\WOkada\RVC-beta\video3/BCI_002_33.wav->Suc.
D:\WOkada\RVC-beta\video3/BCI_002_54.wav->Suc.
D:\WOkada\RVC-beta\video3/BCI_004_10.wav->Suc.
D:\WOkada\RVC-beta\video3/BCI_002_52.wav->Suc.
D:\WOkada\RVC-beta\video3/BCI_002_35.wav->Suc.
D:\WOkada\RVC-beta\video3/BCI_002_37.wav->Suc.
D:\WOkada\RVC-beta\video3/BCI_002_38.wav->Suc.
D:\WOkada\RVC-beta\video3/BCI_002_43.wav->Suc.
D:\WOkada\RVC-beta\video3/BCI_002_39.wav->Suc.
D:\WOkada\RVC-beta\video3/BCI_002_47.wav->Suc.
D:\WOkada\RVC-beta\video3/BCI_002_41.wav->Suc.
D:\WOkada\RVC-beta\video3/BCI_002_42.wav->Suc.
D:\WOkada\RVC-beta\video3/BCI_004_12.wav->Suc.
D:\WOkada\RVC-beta\video3/BCI_002_40.wav->Suc.
D:\WOkada\RVC-beta\video3/BCI_002_50.wav->Suc.
D:\WOkada\RVC-beta\video3/BCI_004_11.wav->Suc.
D:\WOkada\RVC-beta\video3/BCI_002_58.wav->Suc.
D:\WOkada\RVC-beta\video3/BCI_002_46.wav->Suc.
D:\WOkada\RVC-beta\video3/BCI_002_9.wav->Suc.
D:\WOkada\RVC-beta\video3/BCI_002_51.wav->Suc.
D:\WOkada\RVC-beta\video3/BCI_002_44.wav->Suc.
D:\WOkada\RVC-beta\video3/BCI_003_1.wav->Suc.
D:\WOkada\RVC-beta\video3/BCI_004_9.wav->Suc.
D:\WOkada\RVC-beta\video3/BCI_002_53.wav->Suc.
D:\WOkada\RVC-beta\video3/BCI_004_17.wav->Suc.
D:\WOkada\RVC-beta\video3/BCI_005_1.wav->Suc.
D:\WOkada\RVC-beta\video3/BCI_002_55.wav->Suc.
D:\WOkada\RVC-beta\video3/BCI_002_56.wav->Suc.
D:\WOkada\RVC-beta\video3/BCI_002_7.wav->Suc.
D:\WOkada\RVC-beta\video3/BCI_004_15.wav->Suc.
D:\WOkada\RVC-beta\video3/BCI_002_57.wav->Suc.
D:\WOkada\RVC-beta\video3/BCI_002_6.wav->Suc.
D:\WOkada\RVC-beta\video3/BCI_004_1.wav->Suc.
D:\WOkada\RVC-beta\video3/BCI_002_60.wav->Suc.
D:\WOkada\RVC-beta\video3/Neuralink_001_1.wav->Suc.
D:\WOkada\RVC-beta\video3/BCI_002_59.wav->Suc.
D:\WOkada\RVC-beta\video3/BCI_004_13.wav->Suc.
D:\WOkada\RVC-beta\video3/BCI_004_20.wav->Suc.
D:\WOkada\RVC-beta\video3/BCI_004_6.wav->Suc.
D:\WOkada\RVC-beta\video3/BCI_004_14.wav->Suc.
D:\WOkada\RVC-beta\video3/BCI_002_8.wav->Suc.
D:\WOkada\RVC-beta\video3/BCI_004_7.wav->Suc.
D:\WOkada\RVC-beta\video3/Neuralink_002_10.wav->Suc.
D:\WOkada\RVC-beta\video3/BCI_004_18.wav->Suc.
D:\WOkada\RVC-beta\video3/Neuralink_002_11.wav->Suc.
D:\WOkada\RVC-beta\video3/BCI_004_16.wav->Suc.
D:\WOkada\RVC-beta\video3/Neuralink_001_14.wav->Suc.
D:\WOkada\RVC-beta\video3/BCI_004_19.wav->Suc.
D:\WOkada\RVC-beta\video3/BCI_004_4.wav->Suc.
D:\WOkada\RVC-beta\video3/Neuralink_001_12.wav->Suc.
D:\WOkada\RVC-beta\video3/BCI_004_2.wav->Suc.
D:\WOkada\RVC-beta\video3/BCI_004_22.wav->Suc.
D:\WOkada\RVC-beta\video3/BCI_004_8.wav->Suc.
D:\WOkada\RVC-beta\video3/Neuralink_001_17.wav->Suc.
D:\WOkada\RVC-beta\video3/BCI_004_3.wav->Suc.
D:\WOkada\RVC-beta\video3/Neuralink_001_2.wav->Suc.
D:\WOkada\RVC-beta\video3/Neuralink_001_10.wav->Suc.
D:\WOkada\RVC-beta\video3/BCI_004_21.wav->Suc.
D:\WOkada\RVC-beta\video3/Neuralink_002_12.wav->Suc.
D:\WOkada\RVC-beta\video3/Neuralink_001_8.wav->Suc.
D:\WOkada\RVC-beta\video3/Neuralink_001_11.wav->Suc.
D:\WOkada\RVC-beta\video3/BCI_004_5.wav->Suc.
D:\WOkada\RVC-beta\video3/Neuralink_001_9.wav->Suc.
D:\WOkada\RVC-beta\video3/Neuralink_001_15.wav->Suc.
D:\WOkada\RVC-beta\video3/Neuralink_1.wav->Suc.
D:\WOkada\RVC-beta\video3/Neuralink_001_13.wav->Suc.
D:\WOkada\RVC-beta\video3/Neuralink_001_6.wav->Suc.
D:\WOkada\RVC-beta\video3/Neuralink_002_9.wav->Suc.
D:\WOkada\RVC-beta\video3/Neuralink_001_16.wav->Suc.
D:\WOkada\RVC-beta\video3/Neuralink_002_17.wav->Suc.
D:\WOkada\RVC-beta\video3/Neuralink_002_15.wav->Suc.
D:\WOkada\RVC-beta\video3/Neuralink_001_4.wav->Suc.
D:\WOkada\RVC-beta\video3/Neuralink_002_1.wav->Suc.
D:\WOkada\RVC-beta\video3/Neuralink_002_2.wav->Suc.
D:\WOkada\RVC-beta\video3/Neuralink_001_5.wav->Suc.
D:\WOkada\RVC-beta\video3/Neuralink_002_22.wav->Suc.
D:\WOkada\RVC-beta\video3/Neuralink_002_13.wav->Suc.
D:\WOkada\RVC-beta\video3/Neuralink_001_3.wav->Suc.
D:\WOkada\RVC-beta\video3/Neuralink_002_20.wav->Suc.
D:\WOkada\RVC-beta\video3/Neuralink_002_6.wav->Suc.
D:\WOkada\RVC-beta\video3/Neuralink_002_14.wav->Suc.
D:\WOkada\RVC-beta\video3/Neuralink_002_7.wav->Suc.
D:\WOkada\RVC-beta\video3/Neuralink_001_7.wav->Suc.
D:\WOkada\RVC-beta\video3/Neuralink_002_18.wav->Suc.
D:\WOkada\RVC-beta\video3/Neuralink_002_4.wav->Suc.
D:\WOkada\RVC-beta\video3/Neuralink_002_19.wav->Suc.
D:\WOkada\RVC-beta\video3/Neuralink_002_16.wav->Suc.
D:\WOkada\RVC-beta\video3/Neuralink_002_8.wav->Suc.
D:\WOkada\RVC-beta\video3/Neuralink_002_3.wav->Suc.
D:\WOkada\RVC-beta\video3/Neuralink_002_21.wav->Suc.
D:\WOkada\RVC-beta\video3/Neuralink_002_5.wav->Suc.
end preprocess
