2023-06-23 09:50:08,251	beyond3	INFO	{'train': {'log_interval': 200, 'seed': 1234, 'epochs': 20000, 'learning_rate': 0.0001, 'betas': [0.8, 0.99], 'eps': 1e-09, 'batch_size': 10, 'fp16_run': True, 'lr_decay': 0.999875, 'segment_size': 12800, 'init_lr_ratio': 1, 'warmup_epochs': 0, 'c_mel': 45, 'c_kl': 1.0}, 'data': {'max_wav_value': 32768.0, 'sampling_rate': 40000, 'filter_length': 2048, 'hop_length': 400, 'win_length': 2048, 'n_mel_channels': 125, 'mel_fmin': 0.0, 'mel_fmax': None, 'training_files': './logs\\beyond3/filelist.txt'}, 'model': {'inter_channels': 192, 'hidden_channels': 192, 'filter_channels': 768, 'n_heads': 2, 'n_layers': 6, 'kernel_size': 3, 'p_dropout': 0, 'resblock': '1', 'resblock_kernel_sizes': [3, 7, 11], 'resblock_dilation_sizes': [[1, 3, 5], [1, 3, 5], [1, 3, 5]], 'upsample_rates': [10, 10, 2, 2], 'upsample_initial_channel': 512, 'upsample_kernel_sizes': [16, 16, 4, 4], 'use_spectral_norm': False, 'gin_channels': 256, 'spk_embed_dim': 109}, 'model_dir': './logs\\beyond3', 'experiment_dir': './logs\\beyond3', 'save_every_epoch': 50, 'name': 'beyond3', 'total_epoch': 150, 'pretrainG': 'pretrained_v2/f0G40k.pth', 'pretrainD': 'pretrained_v2/f0D40k.pth', 'version': 'v2', 'gpus': '0', 'sample_rate': '40k', 'if_f0': 1, 'if_latest': 0, 'save_every_weights': '0', 'if_cache_data_in_gpu': 0}
2023-06-23 09:50:09,480	beyond3	INFO	loaded pretrained pretrained_v2/f0G40k.pth
2023-06-23 09:50:09,582	beyond3	INFO	loaded pretrained pretrained_v2/f0D40k.pth
2023-06-23 09:50:23,134	beyond3	INFO	Train Epoch: 1 [0%]
2023-06-23 09:50:23,134	beyond3	INFO	[0, 0.0001]
2023-06-23 09:50:23,135	beyond3	INFO	loss_disc=3.818, loss_gen=2.907, loss_fm=12.378,loss_mel=25.507, loss_kl=8.911
2023-06-23 09:52:25,874	beyond3	INFO	====> Epoch: 1 [2023-06-23 09:52:25] | (0:02:06.606661)
2023-06-23 09:54:31,206	beyond3	INFO	====> Epoch: 2 [2023-06-23 09:54:31] | (0:02:05.327508)
2023-06-23 09:56:39,809	beyond3	INFO	====> Epoch: 3 [2023-06-23 09:56:39] | (0:02:08.598799)
2023-06-23 09:58:44,633	beyond3	INFO	====> Epoch: 4 [2023-06-23 09:58:44] | (0:02:04.820560)
2023-06-23 09:59:55,054	beyond3	INFO	Train Epoch: 5 [55%]
2023-06-23 09:59:55,080	beyond3	INFO	[200, 9.995000937421877e-05]
2023-06-23 09:59:55,081	beyond3	INFO	loss_disc=4.554, loss_gen=3.020, loss_fm=9.803,loss_mel=19.904, loss_kl=1.632
2023-06-23 10:00:54,557	beyond3	INFO	====> Epoch: 5 [2023-06-23 10:00:54] | (0:02:09.920586)
2023-06-23 10:03:04,410	beyond3	INFO	====> Epoch: 6 [2023-06-23 10:03:04] | (0:02:09.847949)
2023-06-23 10:05:18,765	beyond3	INFO	====> Epoch: 7 [2023-06-23 10:05:18] | (0:02:14.352063)
2023-06-23 10:07:29,531	beyond3	INFO	====> Epoch: 8 [2023-06-23 10:07:29] | (0:02:10.762998)
2023-06-23 10:09:48,862	beyond3	INFO	====> Epoch: 9 [2023-06-23 10:09:48] | (0:02:19.327094)
2023-06-23 10:10:02,613	beyond3	INFO	Train Epoch: 10 [9%]
2023-06-23 10:10:02,643	beyond3	INFO	[400, 9.98875562335968e-05]
2023-06-23 10:10:02,643	beyond3	INFO	loss_disc=4.287, loss_gen=3.543, loss_fm=12.246,loss_mel=20.043, loss_kl=1.775
2023-06-23 10:11:58,546	beyond3	INFO	====> Epoch: 10 [2023-06-23 10:11:58] | (0:02:09.680999)
2023-06-23 10:14:22,914	beyond3	INFO	====> Epoch: 11 [2023-06-23 10:14:22] | (0:02:24.362532)
2023-06-23 10:16:49,154	beyond3	INFO	====> Epoch: 12 [2023-06-23 10:16:49] | (0:02:26.237332)
2023-06-23 10:19:18,399	beyond3	INFO	====> Epoch: 13 [2023-06-23 10:19:18] | (0:02:29.241465)
2023-06-23 10:20:58,444	beyond3	INFO	Train Epoch: 14 [64%]
2023-06-23 10:20:58,481	beyond3	INFO	[600, 9.983762181915804e-05]
2023-06-23 10:20:58,482	beyond3	INFO	loss_disc=4.098, loss_gen=3.200, loss_fm=10.637,loss_mel=19.797, loss_kl=1.704
2023-06-23 10:21:49,219	beyond3	INFO	====> Epoch: 14 [2023-06-23 10:21:49] | (0:02:30.816293)
2023-06-23 10:24:23,389	beyond3	INFO	====> Epoch: 15 [2023-06-23 10:24:23] | (0:02:34.165622)
2023-06-23 10:26:58,522	beyond3	INFO	====> Epoch: 16 [2023-06-23 10:26:58] | (0:02:35.129355)
2023-06-23 10:29:35,249	beyond3	INFO	====> Epoch: 17 [2023-06-23 10:29:35] | (0:02:36.724330)
2023-06-23 10:32:06,631	beyond3	INFO	====> Epoch: 18 [2023-06-23 10:32:06] | (0:02:31.378182)
2023-06-23 10:32:39,518	beyond3	INFO	Train Epoch: 19 [18%]
2023-06-23 10:32:39,553	beyond3	INFO	[800, 9.977523890319963e-05]
2023-06-23 10:32:39,554	beyond3	INFO	loss_disc=3.880, loss_gen=3.414, loss_fm=10.255,loss_mel=19.249, loss_kl=1.498
2023-06-23 10:34:43,463	beyond3	INFO	====> Epoch: 19 [2023-06-23 10:34:43] | (0:02:36.827610)
2023-06-23 10:37:23,355	beyond3	INFO	====> Epoch: 20 [2023-06-23 10:37:23] | (0:02:39.888183)
2023-06-23 10:39:47,823	beyond3	INFO	====> Epoch: 21 [2023-06-23 10:39:47] | (0:02:24.465285)
2023-06-23 10:42:24,798	beyond3	INFO	====> Epoch: 22 [2023-06-23 10:42:24] | (0:02:36.971245)
2023-06-23 10:44:21,018	beyond3	INFO	Train Epoch: 23 [73%]
2023-06-23 10:44:21,052	beyond3	INFO	[1000, 9.972536063689719e-05]
2023-06-23 10:44:21,052	beyond3	INFO	loss_disc=4.016, loss_gen=3.090, loss_fm=10.131,loss_mel=19.179, loss_kl=1.471
2023-06-23 10:44:58,635	beyond3	INFO	====> Epoch: 23 [2023-06-23 10:44:58] | (0:02:33.833667)
2023-06-23 10:47:32,373	beyond3	INFO	====> Epoch: 24 [2023-06-23 10:47:32] | (0:02:33.733993)
2023-06-23 10:50:09,793	beyond3	INFO	====> Epoch: 25 [2023-06-23 10:50:09] | (0:02:37.416862)
2023-06-23 10:52:39,171	beyond3	INFO	====> Epoch: 26 [2023-06-23 10:52:39] | (0:02:29.373705)
2023-06-23 10:55:18,061	beyond3	INFO	====> Epoch: 27 [2023-06-23 10:55:18] | (0:02:38.887563)
2023-06-23 10:56:03,522	beyond3	INFO	Train Epoch: 28 [27%]
2023-06-23 10:56:03,559	beyond3	INFO	[1200, 9.966304786663908e-05]
2023-06-23 10:56:03,559	beyond3	INFO	loss_disc=3.976, loss_gen=3.283, loss_fm=11.519,loss_mel=19.685, loss_kl=1.132
2023-06-23 10:57:56,394	beyond3	INFO	====> Epoch: 28 [2023-06-23 10:57:56] | (0:02:38.327322)
2023-06-23 11:00:27,790	beyond3	INFO	====> Epoch: 29 [2023-06-23 11:00:27] | (0:02:31.392734)
2023-06-23 11:03:03,844	beyond3	INFO	====> Epoch: 30 [2023-06-23 11:03:03] | (0:02:36.051033)
2023-06-23 11:05:38,629	beyond3	INFO	====> Epoch: 31 [2023-06-23 11:05:38] | (0:02:34.781016)
2023-06-23 11:07:48,006	beyond3	INFO	Train Epoch: 32 [82%]
2023-06-23 11:07:48,039	beyond3	INFO	[1400, 9.961322568533789e-05]
2023-06-23 11:07:48,040	beyond3	INFO	loss_disc=3.863, loss_gen=3.213, loss_fm=11.721,loss_mel=19.239, loss_kl=1.228
2023-06-23 11:08:12,361	beyond3	INFO	====> Epoch: 32 [2023-06-23 11:08:12] | (0:02:33.728328)
2023-06-23 11:10:48,636	beyond3	INFO	====> Epoch: 33 [2023-06-23 11:10:48] | (0:02:36.270000)
2023-06-23 11:13:15,146	beyond3	INFO	====> Epoch: 34 [2023-06-23 11:13:15] | (0:02:26.507520)
2023-06-23 11:15:49,909	beyond3	INFO	====> Epoch: 35 [2023-06-23 11:15:49] | (0:02:34.757575)
2023-06-23 11:18:22,622	beyond3	INFO	====> Epoch: 36 [2023-06-23 11:18:22] | (0:02:32.709999)
2023-06-23 11:19:22,467	beyond3	INFO	Train Epoch: 37 [36%]
2023-06-23 11:19:22,501	beyond3	INFO	[1600, 9.95509829819056e-05]
2023-06-23 11:19:22,501	beyond3	INFO	loss_disc=4.036, loss_gen=3.458, loss_fm=10.946,loss_mel=19.348, loss_kl=1.075
2023-06-23 11:20:59,118	beyond3	INFO	====> Epoch: 37 [2023-06-23 11:20:59] | (0:02:36.492426)
2023-06-23 11:23:34,329	beyond3	INFO	====> Epoch: 38 [2023-06-23 11:23:34] | (0:02:35.207064)
2023-06-23 11:25:58,713	beyond3	INFO	====> Epoch: 39 [2023-06-23 11:25:58] | (0:02:24.380013)
2023-06-23 11:28:21,454	beyond3	INFO	====> Epoch: 40 [2023-06-23 11:28:21] | (0:02:22.737686)
2023-06-23 11:30:52,441	beyond3	INFO	Train Epoch: 41 [91%]
2023-06-23 11:30:52,471	beyond3	INFO	[1800, 9.950121682254156e-05]
2023-06-23 11:30:52,472	beyond3	INFO	loss_disc=3.986, loss_gen=3.117, loss_fm=10.956,loss_mel=19.326, loss_kl=1.066
2023-06-23 11:31:01,558	beyond3	INFO	====> Epoch: 41 [2023-06-23 11:31:01] | (0:02:40.099041)
2023-06-23 11:33:26,245	beyond3	INFO	====> Epoch: 42 [2023-06-23 11:33:26] | (0:02:24.682000)
2023-06-23 11:35:59,842	beyond3	INFO	====> Epoch: 43 [2023-06-23 11:35:59] | (0:02:33.592486)
2023-06-23 11:38:35,717	beyond3	INFO	====> Epoch: 44 [2023-06-23 11:38:35] | (0:02:35.872306)
2023-06-23 11:41:09,895	beyond3	INFO	====> Epoch: 45 [2023-06-23 11:41:09] | (0:02:34.173930)
2023-06-23 11:42:23,479	beyond3	INFO	Train Epoch: 46 [45%]
2023-06-23 11:42:23,505	beyond3	INFO	[2000, 9.943904410714931e-05]
2023-06-23 11:42:23,506	beyond3	INFO	loss_disc=3.407, loss_gen=3.689, loss_fm=12.335,loss_mel=18.626, loss_kl=1.045
2023-06-23 11:43:44,845	beyond3	INFO	====> Epoch: 46 [2023-06-23 11:43:44] | (0:02:34.945893)
2023-06-23 11:46:26,728	beyond3	INFO	====> Epoch: 47 [2023-06-23 11:46:26] | (0:02:41.877315)
2023-06-23 11:49:01,682	beyond3	INFO	====> Epoch: 48 [2023-06-23 11:49:01] | (0:02:34.950043)
2023-06-23 11:51:37,802	beyond3	INFO	====> Epoch: 49 [2023-06-23 11:51:37] | (0:02:36.116300)
2023-06-23 11:54:08,895	beyond3	INFO	Saving model and optimizer state at epoch 50 to ./logs\beyond3\G_2200.pth
2023-06-23 11:54:10,240	beyond3	INFO	Saving model and optimizer state at epoch 50 to ./logs\beyond3\D_2200.pth
2023-06-23 11:54:12,098	beyond3	INFO	====> Epoch: 50 [2023-06-23 11:54:12] | (0:02:34.291877)
2023-06-23 11:54:15,230	beyond3	INFO	Train Epoch: 51 [0%]
2023-06-23 11:54:15,260	beyond3	INFO	[2200, 9.937691023999092e-05]
2023-06-23 11:54:15,260	beyond3	INFO	loss_disc=3.876, loss_gen=3.176, loss_fm=11.191,loss_mel=18.861, loss_kl=1.341
2023-06-23 11:56:58,060	beyond3	INFO	====> Epoch: 51 [2023-06-23 11:56:58] | (0:02:45.959116)
2023-06-23 11:59:28,590	beyond3	INFO	====> Epoch: 52 [2023-06-23 11:59:28] | (0:02:30.524705)
2023-06-23 12:02:10,532	beyond3	INFO	====> Epoch: 53 [2023-06-23 12:02:10] | (0:02:41.937588)
2023-06-23 12:04:42,926	beyond3	INFO	====> Epoch: 54 [2023-06-23 12:04:42] | (0:02:32.390600)
2023-06-23 12:06:16,763	beyond3	INFO	Train Epoch: 55 [55%]
2023-06-23 12:06:16,785	beyond3	INFO	[2400, 9.932723110067987e-05]
2023-06-23 12:06:16,785	beyond3	INFO	loss_disc=4.044, loss_gen=3.316, loss_fm=11.351,loss_mel=19.012, loss_kl=1.043
2023-06-23 12:07:23,601	beyond3	INFO	====> Epoch: 55 [2023-06-23 12:07:23] | (0:02:40.672009)
2023-06-23 12:09:57,104	beyond3	INFO	====> Epoch: 56 [2023-06-23 12:09:57] | (0:02:33.498061)
2023-06-23 12:12:29,782	beyond3	INFO	====> Epoch: 57 [2023-06-23 12:12:29] | (0:02:32.675071)
2023-06-23 12:15:02,826	beyond3	INFO	====> Epoch: 58 [2023-06-23 12:15:02] | (0:02:33.038282)
2023-06-23 12:17:36,849	beyond3	INFO	====> Epoch: 59 [2023-06-23 12:17:36] | (0:02:34.017569)
2023-06-23 12:17:55,163	beyond3	INFO	Train Epoch: 60 [9%]
2023-06-23 12:17:55,190	beyond3	INFO	[2600, 9.926516709918191e-05]
2023-06-23 12:17:55,190	beyond3	INFO	loss_disc=3.943, loss_gen=3.231, loss_fm=11.129,loss_mel=18.340, loss_kl=1.091
2023-06-23 12:20:08,968	beyond3	INFO	====> Epoch: 60 [2023-06-23 12:20:08] | (0:02:32.114907)
2023-06-23 12:22:35,122	beyond3	INFO	====> Epoch: 61 [2023-06-23 12:22:35] | (0:02:26.146408)
2023-06-23 12:25:03,562	beyond3	INFO	====> Epoch: 62 [2023-06-23 12:25:03] | (0:02:28.437001)
2023-06-23 12:27:30,645	beyond3	INFO	====> Epoch: 63 [2023-06-23 12:27:30] | (0:02:27.078001)
2023-06-23 12:29:12,013	beyond3	INFO	Train Epoch: 64 [64%]
2023-06-23 12:29:12,032	beyond3	INFO	[2800, 9.921554382096622e-05]
2023-06-23 12:29:12,032	beyond3	INFO	loss_disc=4.156, loss_gen=3.516, loss_fm=8.559,loss_mel=18.092, loss_kl=0.990
2023-06-23 12:29:59,380	beyond3	INFO	====> Epoch: 64 [2023-06-23 12:29:59] | (0:02:28.732001)
2023-06-23 12:32:33,672	beyond3	INFO	====> Epoch: 65 [2023-06-23 12:32:33] | (0:02:34.287282)
2023-06-23 12:35:02,810	beyond3	INFO	====> Epoch: 66 [2023-06-23 12:35:02] | (0:02:29.134068)
2023-06-23 12:37:41,302	beyond3	INFO	====> Epoch: 67 [2023-06-23 12:37:41] | (0:02:38.489050)
2023-06-23 12:40:13,033	beyond3	INFO	====> Epoch: 68 [2023-06-23 12:40:13] | (0:02:31.727880)
2023-06-23 12:40:44,501	beyond3	INFO	Train Epoch: 69 [18%]
2023-06-23 12:40:44,534	beyond3	INFO	[3000, 9.915354960656915e-05]
2023-06-23 12:40:44,534	beyond3	INFO	loss_disc=4.048, loss_gen=3.221, loss_fm=10.608,loss_mel=18.210, loss_kl=1.263
2023-06-23 12:42:40,458	beyond3	INFO	====> Epoch: 69 [2023-06-23 12:42:40] | (0:02:27.421210)
2023-06-23 12:45:08,007	beyond3	INFO	====> Epoch: 70 [2023-06-23 12:45:08] | (0:02:27.543487)
2023-06-23 12:47:45,257	beyond3	INFO	====> Epoch: 71 [2023-06-23 12:47:45] | (0:02:37.246047)
2023-06-23 12:50:19,973	beyond3	INFO	====> Epoch: 72 [2023-06-23 12:50:19] | (0:02:34.713032)
2023-06-23 12:52:15,652	beyond3	INFO	Train Epoch: 73 [73%]
2023-06-23 12:52:15,680	beyond3	INFO	[3200, 9.910398212663652e-05]
2023-06-23 12:52:15,680	beyond3	INFO	loss_disc=3.697, loss_gen=3.418, loss_fm=10.107,loss_mel=18.404, loss_kl=1.383
2023-06-23 12:52:54,922	beyond3	INFO	====> Epoch: 73 [2023-06-23 12:52:54] | (0:02:34.946088)
2023-06-23 12:55:25,481	beyond3	INFO	====> Epoch: 74 [2023-06-23 12:55:25] | (0:02:30.553782)
2023-06-23 12:57:43,954	beyond3	INFO	====> Epoch: 75 [2023-06-23 12:57:43] | (0:02:18.469940)
2023-06-23 13:00:11,275	beyond3	INFO	====> Epoch: 76 [2023-06-23 13:00:11] | (0:02:27.317998)
2023-06-23 13:02:39,998	beyond3	INFO	====> Epoch: 77 [2023-06-23 13:02:39] | (0:02:28.719001)
2023-06-23 13:03:25,870	beyond3	INFO	Train Epoch: 78 [27%]
2023-06-23 13:03:25,891	beyond3	INFO	[3400, 9.904205762086905e-05]
2023-06-23 13:03:25,892	beyond3	INFO	loss_disc=3.951, loss_gen=2.918, loss_fm=9.326,loss_mel=18.301, loss_kl=0.950
2023-06-23 13:05:07,272	beyond3	INFO	====> Epoch: 78 [2023-06-23 13:05:07] | (0:02:27.271002)
2023-06-23 13:07:39,220	beyond3	INFO	====> Epoch: 79 [2023-06-23 13:07:39] | (0:02:31.942998)
2023-06-23 13:10:05,267	beyond3	INFO	====> Epoch: 80 [2023-06-23 13:10:05] | (0:02:26.043000)
2023-06-23 13:12:31,676	beyond3	INFO	====> Epoch: 81 [2023-06-23 13:12:31] | (0:02:26.406002)
2023-06-23 13:14:40,820	beyond3	INFO	Train Epoch: 82 [82%]
2023-06-23 13:14:40,853	beyond3	INFO	[3600, 9.899254587647776e-05]
2023-06-23 13:14:40,853	beyond3	INFO	loss_disc=4.030, loss_gen=3.621, loss_fm=11.139,loss_mel=18.983, loss_kl=0.801
2023-06-23 13:15:02,430	beyond3	INFO	====> Epoch: 82 [2023-06-23 13:15:02] | (0:02:30.750997)
2023-06-23 13:17:22,525	beyond3	INFO	====> Epoch: 83 [2023-06-23 13:17:22] | (0:02:20.090998)
2023-06-23 13:19:55,601	beyond3	INFO	====> Epoch: 84 [2023-06-23 13:19:55] | (0:02:33.069999)
2023-06-23 13:22:20,427	beyond3	INFO	====> Epoch: 85 [2023-06-23 13:22:20] | (0:02:24.822999)
2023-06-23 13:24:47,503	beyond3	INFO	====> Epoch: 86 [2023-06-23 13:24:47] | (0:02:27.072003)
2023-06-23 13:25:41,731	beyond3	INFO	Train Epoch: 87 [36%]
2023-06-23 13:25:41,757	beyond3	INFO	[3800, 9.89306910009569e-05]
2023-06-23 13:25:41,758	beyond3	INFO	loss_disc=3.892, loss_gen=3.496, loss_fm=8.873,loss_mel=18.375, loss_kl=1.020
2023-06-23 13:27:14,032	beyond3	INFO	====> Epoch: 87 [2023-06-23 13:27:14] | (0:02:26.524853)
2023-06-23 13:29:38,671	beyond3	INFO	====> Epoch: 88 [2023-06-23 13:29:38] | (0:02:24.633752)
2023-06-23 13:32:00,954	beyond3	INFO	====> Epoch: 89 [2023-06-23 13:32:00] | (0:02:22.280201)
2023-06-23 13:34:21,542	beyond3	INFO	====> Epoch: 90 [2023-06-23 13:34:21] | (0:02:20.584450)
2023-06-23 13:36:34,506	beyond3	INFO	Train Epoch: 91 [91%]
2023-06-23 13:36:34,542	beyond3	INFO	[4000, 9.888123492943583e-05]
2023-06-23 13:36:34,542	beyond3	INFO	loss_disc=3.812, loss_gen=3.344, loss_fm=10.907,loss_mel=18.548, loss_kl=1.421
2023-06-23 13:36:44,123	beyond3	INFO	====> Epoch: 91 [2023-06-23 13:36:44] | (0:02:22.576935)
2023-06-23 13:39:12,796	beyond3	INFO	====> Epoch: 92 [2023-06-23 13:39:12] | (0:02:28.669438)
2023-06-23 13:41:35,416	beyond3	INFO	====> Epoch: 93 [2023-06-23 13:41:35] | (0:02:22.614661)
2023-06-23 13:43:57,127	beyond3	INFO	====> Epoch: 94 [2023-06-23 13:43:57] | (0:02:21.705340)
2023-06-23 13:46:20,745	beyond3	INFO	====> Epoch: 95 [2023-06-23 13:46:20] | (0:02:23.615047)
2023-06-23 13:47:28,785	beyond3	INFO	Train Epoch: 96 [45%]
2023-06-23 13:47:28,811	beyond3	INFO	[4200, 9.881944960586671e-05]
2023-06-23 13:47:28,811	beyond3	INFO	loss_disc=3.753, loss_gen=3.452, loss_fm=10.393,loss_mel=18.851, loss_kl=0.906
2023-06-23 13:48:44,369	beyond3	INFO	====> Epoch: 96 [2023-06-23 13:48:44] | (0:02:23.621000)
2023-06-23 13:51:07,683	beyond3	INFO	====> Epoch: 97 [2023-06-23 13:51:07] | (0:02:23.309999)
2023-06-23 13:53:45,811	beyond3	INFO	====> Epoch: 98 [2023-06-23 13:53:45] | (0:02:38.124006)
2023-06-23 13:56:02,568	beyond3	INFO	====> Epoch: 99 [2023-06-23 13:56:02] | (0:02:16.753312)
2023-06-23 13:58:28,442	beyond3	INFO	Saving model and optimizer state at epoch 100 to ./logs\beyond3\G_4400.pth
2023-06-23 13:58:28,876	beyond3	INFO	Saving model and optimizer state at epoch 100 to ./logs\beyond3\D_4400.pth
2023-06-23 13:58:30,551	beyond3	INFO	====> Epoch: 100 [2023-06-23 13:58:30] | (0:02:27.978186)
2023-06-23 13:58:33,628	beyond3	INFO	Train Epoch: 101 [0%]
2023-06-23 13:58:33,657	beyond3	INFO	[4400, 9.875770288847208e-05]
2023-06-23 13:58:33,658	beyond3	INFO	loss_disc=3.779, loss_gen=3.516, loss_fm=12.199,loss_mel=18.682, loss_kl=0.818
2023-06-23 14:00:53,712	beyond3	INFO	====> Epoch: 101 [2023-06-23 14:00:53] | (0:02:23.158360)
2023-06-23 14:03:18,603	beyond3	INFO	====> Epoch: 102 [2023-06-23 14:03:18] | (0:02:24.885999)
2023-06-23 14:05:45,022	beyond3	INFO	====> Epoch: 103 [2023-06-23 14:05:45] | (0:02:26.415000)
2023-06-23 14:08:05,425	beyond3	INFO	====> Epoch: 104 [2023-06-23 14:08:05] | (0:02:20.399001)
2023-06-23 14:09:28,695	beyond3	INFO	Train Epoch: 105 [55%]
2023-06-23 14:09:28,727	beyond3	INFO	[4600, 9.870833329479095e-05]
2023-06-23 14:09:28,727	beyond3	INFO	loss_disc=3.696, loss_gen=3.668, loss_fm=10.216,loss_mel=17.960, loss_kl=0.654
2023-06-23 14:10:30,403	beyond3	INFO	====> Epoch: 105 [2023-06-23 14:10:30] | (0:02:24.975121)
2023-06-23 14:12:51,084	beyond3	INFO	====> Epoch: 106 [2023-06-23 14:12:51] | (0:02:20.676481)
2023-06-23 14:15:15,142	beyond3	INFO	====> Epoch: 107 [2023-06-23 14:15:15] | (0:02:24.054560)
2023-06-23 14:17:37,442	beyond3	INFO	====> Epoch: 108 [2023-06-23 14:17:37] | (0:02:22.293655)
2023-06-23 14:20:06,682	beyond3	INFO	====> Epoch: 109 [2023-06-23 14:20:06] | (0:02:29.237374)
2023-06-23 14:20:24,715	beyond3	INFO	Train Epoch: 110 [9%]
2023-06-23 14:20:24,738	beyond3	INFO	[4800, 9.864665600773098e-05]
2023-06-23 14:20:24,738	beyond3	INFO	loss_disc=3.671, loss_gen=3.393, loss_fm=9.771,loss_mel=18.047, loss_kl=0.913
2023-06-23 14:22:36,384	beyond3	INFO	====> Epoch: 110 [2023-06-23 14:22:36] | (0:02:29.699000)
2023-06-23 14:25:09,756	beyond3	INFO	====> Epoch: 111 [2023-06-23 14:25:09] | (0:02:33.366999)
2023-06-23 14:27:40,991	beyond3	INFO	====> Epoch: 112 [2023-06-23 14:27:40] | (0:02:31.231999)
2023-06-23 14:30:15,090	beyond3	INFO	====> Epoch: 113 [2023-06-23 14:30:15] | (0:02:34.096000)
2023-06-23 14:31:53,821	beyond3	INFO	Train Epoch: 114 [64%]
2023-06-23 14:31:53,847	beyond3	INFO	[5000, 9.859734192708044e-05]
2023-06-23 14:31:53,848	beyond3	INFO	loss_disc=3.677, loss_gen=3.802, loss_fm=13.096,loss_mel=18.114, loss_kl=0.575
2023-06-23 14:32:45,389	beyond3	INFO	====> Epoch: 114 [2023-06-23 14:32:45] | (0:02:30.295000)
2023-06-23 14:35:13,150	beyond3	INFO	====> Epoch: 115 [2023-06-23 14:35:13] | (0:02:27.757000)
2023-06-23 14:37:37,991	beyond3	INFO	====> Epoch: 116 [2023-06-23 14:37:37] | (0:02:24.835999)
2023-06-23 14:40:00,570	beyond3	INFO	====> Epoch: 117 [2023-06-23 14:40:00] | (0:02:22.576000)
2023-06-23 14:42:15,213	beyond3	INFO	====> Epoch: 118 [2023-06-23 14:42:15] | (0:02:14.639000)
2023-06-23 14:42:43,322	beyond3	INFO	Train Epoch: 119 [18%]
2023-06-23 14:42:43,349	beyond3	INFO	[5200, 9.853573399228505e-05]
2023-06-23 14:42:43,350	beyond3	INFO	loss_disc=3.635, loss_gen=3.717, loss_fm=12.414,loss_mel=17.983, loss_kl=0.596
2023-06-23 14:44:38,530	beyond3	INFO	====> Epoch: 119 [2023-06-23 14:44:38] | (0:02:23.312999)
2023-06-23 14:47:07,242	beyond3	INFO	====> Epoch: 120 [2023-06-23 14:47:07] | (0:02:28.706859)
2023-06-23 14:49:38,672	beyond3	INFO	====> Epoch: 121 [2023-06-23 14:49:38] | (0:02:31.427176)
2023-06-23 14:52:02,255	beyond3	INFO	====> Epoch: 122 [2023-06-23 14:52:02] | (0:02:23.579581)
2023-06-23 14:53:53,909	beyond3	INFO	Train Epoch: 123 [73%]
2023-06-23 14:53:53,938	beyond3	INFO	[5400, 9.848647536224416e-05]
2023-06-23 14:53:53,938	beyond3	INFO	loss_disc=4.019, loss_gen=3.029, loss_fm=8.628,loss_mel=11.079, loss_kl=0.961
2023-06-23 14:54:32,349	beyond3	INFO	====> Epoch: 123 [2023-06-23 14:54:32] | (0:02:30.090084)
2023-06-23 14:57:04,794	beyond3	INFO	====> Epoch: 124 [2023-06-23 14:57:04] | (0:02:32.438960)
2023-06-23 14:59:26,130	beyond3	INFO	====> Epoch: 125 [2023-06-23 14:59:26] | (0:02:21.332108)
2023-06-23 15:01:54,402	beyond3	INFO	====> Epoch: 126 [2023-06-23 15:01:54] | (0:02:28.267852)
2023-06-23 15:04:28,257	beyond3	INFO	====> Epoch: 127 [2023-06-23 15:04:28] | (0:02:33.851464)
2023-06-23 15:05:13,268	beyond3	INFO	Train Epoch: 128 [27%]
2023-06-23 15:05:13,288	beyond3	INFO	[5600, 9.842493670173108e-05]
2023-06-23 15:05:13,288	beyond3	INFO	loss_disc=3.786, loss_gen=3.222, loss_fm=9.695,loss_mel=18.069, loss_kl=0.462
2023-06-23 15:06:58,754	beyond3	INFO	====> Epoch: 128 [2023-06-23 15:06:58] | (0:02:30.493134)
2023-06-23 15:09:23,433	beyond3	INFO	====> Epoch: 129 [2023-06-23 15:09:23] | (0:02:24.674376)
2023-06-23 15:11:44,193	beyond3	INFO	====> Epoch: 130 [2023-06-23 15:11:44] | (0:02:20.756461)
2023-06-23 15:14:08,670	beyond3	INFO	====> Epoch: 131 [2023-06-23 15:14:08] | (0:02:24.474146)
2023-06-23 15:16:11,799	beyond3	INFO	Train Epoch: 132 [82%]
2023-06-23 15:16:11,828	beyond3	INFO	[5800, 9.837573345994909e-05]
2023-06-23 15:16:11,828	beyond3	INFO	loss_disc=3.613, loss_gen=3.801, loss_fm=11.430,loss_mel=18.984, loss_kl=0.886
2023-06-23 15:16:35,225	beyond3	INFO	====> Epoch: 132 [2023-06-23 15:16:35] | (0:02:26.551000)
2023-06-23 15:19:04,986	beyond3	INFO	====> Epoch: 133 [2023-06-23 15:19:04] | (0:02:29.757002)
2023-06-23 15:21:34,283	beyond3	INFO	====> Epoch: 134 [2023-06-23 15:21:34] | (0:02:29.293998)
2023-06-23 15:23:53,075	beyond3	INFO	====> Epoch: 135 [2023-06-23 15:23:53] | (0:02:18.787052)
2023-06-23 15:26:13,648	beyond3	INFO	====> Epoch: 136 [2023-06-23 15:26:13] | (0:02:20.568049)
2023-06-23 15:27:11,487	beyond3	INFO	Train Epoch: 137 [36%]
2023-06-23 15:27:11,510	beyond3	INFO	[6000, 9.831426399582366e-05]
2023-06-23 15:27:11,511	beyond3	INFO	loss_disc=3.894, loss_gen=4.109, loss_fm=11.637,loss_mel=18.026, loss_kl=0.805
2023-06-23 15:28:42,437	beyond3	INFO	====> Epoch: 137 [2023-06-23 15:28:42] | (0:02:28.785999)
2023-06-23 15:31:03,664	beyond3	INFO	====> Epoch: 138 [2023-06-23 15:31:03] | (0:02:21.223763)
2023-06-23 15:33:33,651	beyond3	INFO	====> Epoch: 139 [2023-06-23 15:33:33] | (0:02:29.983027)
2023-06-23 15:36:05,129	beyond3	INFO	====> Epoch: 140 [2023-06-23 15:36:05] | (0:02:31.473463)
2023-06-23 15:38:22,617	beyond3	INFO	Train Epoch: 141 [91%]
2023-06-23 15:38:22,637	beyond3	INFO	[6200, 9.826511608001993e-05]
2023-06-23 15:38:22,637	beyond3	INFO	loss_disc=3.642, loss_gen=3.952, loss_fm=11.694,loss_mel=18.081, loss_kl=1.028
2023-06-23 15:38:32,836	beyond3	INFO	====> Epoch: 141 [2023-06-23 15:38:32] | (0:02:27.704296)
2023-06-23 15:40:54,116	beyond3	INFO	====> Epoch: 142 [2023-06-23 15:40:54] | (0:02:21.274995)
2023-06-23 15:43:26,481	beyond3	INFO	====> Epoch: 143 [2023-06-23 15:43:26] | (0:02:32.362175)
2023-06-23 15:45:50,004	beyond3	INFO	====> Epoch: 144 [2023-06-23 15:45:50] | (0:02:23.519153)
2023-06-23 15:48:16,610	beyond3	INFO	====> Epoch: 145 [2023-06-23 15:48:16] | (0:02:26.602613)
2023-06-23 15:49:26,782	beyond3	INFO	Train Epoch: 146 [45%]
2023-06-23 15:49:26,809	beyond3	INFO	[6400, 9.820371573447515e-05]
2023-06-23 15:49:26,809	beyond3	INFO	loss_disc=3.815, loss_gen=3.408, loss_fm=10.823,loss_mel=17.785, loss_kl=0.490
2023-06-23 15:50:46,313	beyond3	INFO	====> Epoch: 146 [2023-06-23 15:50:46] | (0:02:29.699702)
2023-06-23 15:53:13,446	beyond3	INFO	====> Epoch: 147 [2023-06-23 15:53:13] | (0:02:27.129135)
2023-06-23 15:55:41,886	beyond3	INFO	====> Epoch: 148 [2023-06-23 15:55:41] | (0:02:28.437201)
2023-06-23 15:58:11,297	beyond3	INFO	====> Epoch: 149 [2023-06-23 15:58:11] | (0:02:29.407020)
2023-06-23 16:00:41,919	beyond3	INFO	Saving model and optimizer state at epoch 150 to ./logs\beyond3\G_6600.pth
2023-06-23 16:00:42,308	beyond3	INFO	Saving model and optimizer state at epoch 150 to ./logs\beyond3\D_6600.pth
2023-06-23 16:00:44,662	beyond3	INFO	====> Epoch: 150 [2023-06-23 16:00:44] | (0:02:33.361347)
2023-06-23 16:00:44,663	beyond3	INFO	Training is done. The program is closed.
2023-06-23 16:00:44,729	beyond3	INFO	saving final ckpt:Success.
